[2018-03-31T22:00:28.067] [ERROR] cheese - send mail error { Error: Invalid login: 535 Error: authentication failed
    at SMTPConnection._formatError (M:\learn\classLearn\毕设\color_hh\node_modules\_smtp-connection@2.12.0@smtp-connection\lib\smtp-connection.js:528:15)
    at SMTPConnection._actionAUTHComplete (M:\learn\classLearn\毕设\color_hh\node_modules\_smtp-connection@2.12.0@smtp-connection\lib\smtp-connection.js:1231:30)
    at SMTPConnection.<anonymous> (M:\learn\classLearn\毕设\color_hh\node_modules\_smtp-connection@2.12.0@smtp-connection\lib\smtp-connection.js:319:22)
    at SMTPConnection._processResponse (M:\learn\classLearn\毕设\color_hh\node_modules\_smtp-connection@2.12.0@smtp-connection\lib\smtp-connection.js:669:16)
    at SMTPConnection._onData (M:\learn\classLearn\毕设\color_hh\node_modules\_smtp-connection@2.12.0@smtp-connection\lib\smtp-connection.js:493:10)
    at emitOne (events.js:115:13)
    at Socket.emit (events.js:210:7)
    at addChunk (_stream_readable.js:252:12)
    at readableAddChunk (_stream_readable.js:239:11)
    at Socket.Readable.push (_stream_readable.js:197:10)
    at TCP.onread (net.js:589:20)
  code: 'EAUTH',
  response: '535 Error: authentication failed',
  responseCode: 535,
  command: 'AUTH PLAIN' } { from: 'Colorful <club@126.com>',
  to: '2397560398@qq.com',
  subject: 'Colorful社区帐号激活',
  html: '<p>您好：ddddd</p><p>我们收到您在Colorful社区的注册信息，请点击下面的链接来激活帐户：</p><a href  = "http://localhost/active_account?key=212eb64ef4adff9db847540e279d6b62&name=ddddd">激活链接</a><p>若您没有在Colorful社区填写过注册信息，说明有人滥用了您的电子邮箱，请删除此邮件，我们对给您造成的打扰感到抱歉。</p><p>Colorful社区 谨上。</p>' }
[2018-03-31T22:00:28.317] [ERROR] cheese - send mail error { Error: Invalid login: 535 Error: authentication failed
    at SMTPConnection._formatError (M:\learn\classLearn\毕设\color_hh\node_modules\_smtp-connection@2.12.0@smtp-connection\lib\smtp-connection.js:528:15)
    at SMTPConnection._actionAUTHComplete (M:\learn\classLearn\毕设\color_hh\node_modules\_smtp-connection@2.12.0@smtp-connection\lib\smtp-connection.js:1231:30)
    at SMTPConnection.<anonymous> (M:\learn\classLearn\毕设\color_hh\node_modules\_smtp-connection@2.12.0@smtp-connection\lib\smtp-connection.js:319:22)
    at SMTPConnection._processResponse (M:\learn\classLearn\毕设\color_hh\node_modules\_smtp-connection@2.12.0@smtp-connection\lib\smtp-connection.js:669:16)
    at SMTPConnection._onData (M:\learn\classLearn\毕设\color_hh\node_modules\_smtp-connection@2.12.0@smtp-connection\lib\smtp-connection.js:493:10)
    at emitOne (events.js:115:13)
    at Socket.emit (events.js:210:7)
    at addChunk (_stream_readable.js:252:12)
    at readableAddChunk (_stream_readable.js:239:11)
    at Socket.Readable.push (_stream_readable.js:197:10)
    at TCP.onread (net.js:589:20)
  code: 'EAUTH',
  response: '535 Error: authentication failed',
  responseCode: 535,
  command: 'AUTH PLAIN' } { from: 'Colorful <club@126.com>',
  to: '2397560398@qq.com',
  subject: 'Colorful社区帐号激活',
  html: '<p>您好：ddddd</p><p>我们收到您在Colorful社区的注册信息，请点击下面的链接来激活帐户：</p><a href  = "http://localhost/active_account?key=212eb64ef4adff9db847540e279d6b62&name=ddddd">激活链接</a><p>若您没有在Colorful社区填写过注册信息，说明有人滥用了您的电子邮箱，请删除此邮件，我们对给您造成的打扰感到抱歉。</p><p>Colorful社区 谨上。</p>' }
[2018-03-31T22:00:28.572] [ERROR] cheese - send mail error { Error: Invalid login: 535 Error: authentication failed
    at SMTPConnection._formatError (M:\learn\classLearn\毕设\color_hh\node_modules\_smtp-connection@2.12.0@smtp-connection\lib\smtp-connection.js:528:15)
    at SMTPConnection._actionAUTHComplete (M:\learn\classLearn\毕设\color_hh\node_modules\_smtp-connection@2.12.0@smtp-connection\lib\smtp-connection.js:1231:30)
    at SMTPConnection.<anonymous> (M:\learn\classLearn\毕设\color_hh\node_modules\_smtp-connection@2.12.0@smtp-connection\lib\smtp-connection.js:319:22)
    at SMTPConnection._processResponse (M:\learn\classLearn\毕设\color_hh\node_modules\_smtp-connection@2.12.0@smtp-connection\lib\smtp-connection.js:669:16)
    at SMTPConnection._onData (M:\learn\classLearn\毕设\color_hh\node_modules\_smtp-connection@2.12.0@smtp-connection\lib\smtp-connection.js:493:10)
    at emitOne (events.js:115:13)
    at Socket.emit (events.js:210:7)
    at addChunk (_stream_readable.js:252:12)
    at readableAddChunk (_stream_readable.js:239:11)
    at Socket.Readable.push (_stream_readable.js:197:10)
    at TCP.onread (net.js:589:20)
  code: 'EAUTH',
  response: '535 Error: authentication failed',
  responseCode: 535,
  command: 'AUTH PLAIN' } { from: 'Colorful <club@126.com>',
  to: '2397560398@qq.com',
  subject: 'Colorful社区帐号激活',
  html: '<p>您好：ddddd</p><p>我们收到您在Colorful社区的注册信息，请点击下面的链接来激活帐户：</p><a href  = "http://localhost/active_account?key=212eb64ef4adff9db847540e279d6b62&name=ddddd">激活链接</a><p>若您没有在Colorful社区填写过注册信息，说明有人滥用了您的电子邮箱，请删除此邮件，我们对给您造成的打扰感到抱歉。</p><p>Colorful社区 谨上。</p>' }
[2018-03-31T22:00:28.869] [ERROR] cheese - send mail error { Error: Invalid login: 535 Error: authentication failed
    at SMTPConnection._formatError (M:\learn\classLearn\毕设\color_hh\node_modules\_smtp-connection@2.12.0@smtp-connection\lib\smtp-connection.js:528:15)
    at SMTPConnection._actionAUTHComplete (M:\learn\classLearn\毕设\color_hh\node_modules\_smtp-connection@2.12.0@smtp-connection\lib\smtp-connection.js:1231:30)
    at SMTPConnection.<anonymous> (M:\learn\classLearn\毕设\color_hh\node_modules\_smtp-connection@2.12.0@smtp-connection\lib\smtp-connection.js:319:22)
    at SMTPConnection._processResponse (M:\learn\classLearn\毕设\color_hh\node_modules\_smtp-connection@2.12.0@smtp-connection\lib\smtp-connection.js:669:16)
    at SMTPConnection._onData (M:\learn\classLearn\毕设\color_hh\node_modules\_smtp-connection@2.12.0@smtp-connection\lib\smtp-connection.js:493:10)
    at emitOne (events.js:115:13)
    at Socket.emit (events.js:210:7)
    at addChunk (_stream_readable.js:252:12)
    at readableAddChunk (_stream_readable.js:239:11)
    at Socket.Readable.push (_stream_readable.js:197:10)
    at TCP.onread (net.js:589:20)
  code: 'EAUTH',
  response: '535 Error: authentication failed',
  responseCode: 535,
  command: 'AUTH PLAIN' } { from: 'Colorful <club@126.com>',
  to: '2397560398@qq.com',
  subject: 'Colorful社区帐号激活',
  html: '<p>您好：ddddd</p><p>我们收到您在Colorful社区的注册信息，请点击下面的链接来激活帐户：</p><a href  = "http://localhost/active_account?key=212eb64ef4adff9db847540e279d6b62&name=ddddd">激活链接</a><p>若您没有在Colorful社区填写过注册信息，说明有人滥用了您的电子邮箱，请删除此邮件，我们对给您造成的打扰感到抱歉。</p><p>Colorful社区 谨上。</p>' }
[2018-03-31T22:00:29.178] [ERROR] cheese - send mail error { Error: Invalid login: 535 Error: authentication failed
    at SMTPConnection._formatError (M:\learn\classLearn\毕设\color_hh\node_modules\_smtp-connection@2.12.0@smtp-connection\lib\smtp-connection.js:528:15)
    at SMTPConnection._actionAUTHComplete (M:\learn\classLearn\毕设\color_hh\node_modules\_smtp-connection@2.12.0@smtp-connection\lib\smtp-connection.js:1231:30)
    at SMTPConnection.<anonymous> (M:\learn\classLearn\毕设\color_hh\node_modules\_smtp-connection@2.12.0@smtp-connection\lib\smtp-connection.js:319:22)
    at SMTPConnection._processResponse (M:\learn\classLearn\毕设\color_hh\node_modules\_smtp-connection@2.12.0@smtp-connection\lib\smtp-connection.js:669:16)
    at SMTPConnection._onData (M:\learn\classLearn\毕设\color_hh\node_modules\_smtp-connection@2.12.0@smtp-connection\lib\smtp-connection.js:493:10)
    at emitOne (events.js:115:13)
    at Socket.emit (events.js:210:7)
    at addChunk (_stream_readable.js:252:12)
    at readableAddChunk (_stream_readable.js:239:11)
    at Socket.Readable.push (_stream_readable.js:197:10)
    at TCP.onread (net.js:589:20)
  code: 'EAUTH',
  response: '535 Error: authentication failed',
  responseCode: 535,
  command: 'AUTH PLAIN' } { from: 'Colorful <club@126.com>',
  to: '2397560398@qq.com',
  subject: 'Colorful社区帐号激活',
  html: '<p>您好：ddddd</p><p>我们收到您在Colorful社区的注册信息，请点击下面的链接来激活帐户：</p><a href  = "http://localhost/active_account?key=212eb64ef4adff9db847540e279d6b62&name=ddddd">激活链接</a><p>若您没有在Colorful社区填写过注册信息，说明有人滥用了您的电子邮箱，请删除此邮件，我们对给您造成的打扰感到抱歉。</p><p>Colorful社区 谨上。</p>' }
[2018-03-31T22:00:29.179] [ERROR] cheese - send mail finally error { Error: Invalid login: 535 Error: authentication failed
    at SMTPConnection._formatError (M:\learn\classLearn\毕设\color_hh\node_modules\_smtp-connection@2.12.0@smtp-connection\lib\smtp-connection.js:528:15)
    at SMTPConnection._actionAUTHComplete (M:\learn\classLearn\毕设\color_hh\node_modules\_smtp-connection@2.12.0@smtp-connection\lib\smtp-connection.js:1231:30)
    at SMTPConnection.<anonymous> (M:\learn\classLearn\毕设\color_hh\node_modules\_smtp-connection@2.12.0@smtp-connection\lib\smtp-connection.js:319:22)
    at SMTPConnection._processResponse (M:\learn\classLearn\毕设\color_hh\node_modules\_smtp-connection@2.12.0@smtp-connection\lib\smtp-connection.js:669:16)
    at SMTPConnection._onData (M:\learn\classLearn\毕设\color_hh\node_modules\_smtp-connection@2.12.0@smtp-connection\lib\smtp-connection.js:493:10)
    at emitOne (events.js:115:13)
    at Socket.emit (events.js:210:7)
    at addChunk (_stream_readable.js:252:12)
    at readableAddChunk (_stream_readable.js:239:11)
    at Socket.Readable.push (_stream_readable.js:197:10)
    at TCP.onread (net.js:589:20)
  code: 'EAUTH',
  response: '535 Error: authentication failed',
  responseCode: 535,
  command: 'AUTH PLAIN' } { from: 'Colorful <club@126.com>',
  to: '2397560398@qq.com',
  subject: 'Colorful社区帐号激活',
  html: '<p>您好：ddddd</p><p>我们收到您在Colorful社区的注册信息，请点击下面的链接来激活帐户：</p><a href  = "http://localhost/active_account?key=212eb64ef4adff9db847540e279d6b62&name=ddddd">激活链接</a><p>若您没有在Colorful社区填写过注册信息，说明有人滥用了您的电子邮箱，请删除此邮件，我们对给您造成的打扰感到抱歉。</p><p>Colorful社区 谨上。</p>' }
[2018-04-01T18:29:46.790] [ERROR] cheese - send mail error { Error: Invalid login: 535 Error: ÇëÊ¹ÓÃÊÚÈ¨ÂëµÇÂ¼¡£ÏêÇéÇë¿´: http://service.mail.qq.com/cgi-bin/help?subtype=1&&id=28&&no=1001256
    at SMTPConnection._formatError (M:\learn\graduationProject\color_h\picture_share\node_modules\_smtp-connection@2.12.0@smtp-connection\lib\smtp-connection.js:528:15)
    at SMTPConnection._actionAUTHComplete (M:\learn\graduationProject\color_h\picture_share\node_modules\_smtp-connection@2.12.0@smtp-connection\lib\smtp-connection.js:1231:30)
    at SMTPConnection.<anonymous> (M:\learn\graduationProject\color_h\picture_share\node_modules\_smtp-connection@2.12.0@smtp-connection\lib\smtp-connection.js:319:22)
    at SMTPConnection._processResponse (M:\learn\graduationProject\color_h\picture_share\node_modules\_smtp-connection@2.12.0@smtp-connection\lib\smtp-connection.js:669:16)
    at SMTPConnection._onData (M:\learn\graduationProject\color_h\picture_share\node_modules\_smtp-connection@2.12.0@smtp-connection\lib\smtp-connection.js:493:10)
    at emitOne (events.js:115:13)
    at TLSSocket.emit (events.js:210:7)
    at addChunk (_stream_readable.js:252:12)
    at readableAddChunk (_stream_readable.js:239:11)
    at TLSSocket.Readable.push (_stream_readable.js:197:10)
    at TLSWrap.onread (net.js:589:20)
  code: 'EAUTH',
  response: '535 Error: ÇëÊ¹ÓÃÊÚÈ¨ÂëµÇÂ¼¡£ÏêÇéÇë¿´: http://service.mail.qq.com/cgi-bin/help?subtype=1&&id=28&&no=1001256',
  responseCode: 535,
  command: 'AUTH PLAIN' } { from: 'Colorful <club@qq.com>',
  to: '2397560398@qq.com',
  subject: 'Colorful社区帐号激活',
  html: '<p>您好：ddddd</p><p>我们收到您在Colorful社区的注册信息，请点击下面的链接来激活帐户：</p><a href  = "http://localhost/active_account?key=212eb64ef4adff9db847540e279d6b62&name=ddddd">激活链接</a><p>若您没有在Colorful社区填写过注册信息，说明有人滥用了您的电子邮箱，请删除此邮件，我们对给您造成的打扰感到抱歉。</p><p>Colorful社区 谨上。</p>' }
[2018-04-01T18:29:47.112] [ERROR] cheese - send mail error { Error: Invalid login: 535 Error: ÇëÊ¹ÓÃÊÚÈ¨ÂëµÇÂ¼¡£ÏêÇéÇë¿´: http://service.mail.qq.com/cgi-bin/help?subtype=1&&id=28&&no=1001256
    at SMTPConnection._formatError (M:\learn\graduationProject\color_h\picture_share\node_modules\_smtp-connection@2.12.0@smtp-connection\lib\smtp-connection.js:528:15)
    at SMTPConnection._actionAUTHComplete (M:\learn\graduationProject\color_h\picture_share\node_modules\_smtp-connection@2.12.0@smtp-connection\lib\smtp-connection.js:1231:30)
    at SMTPConnection.<anonymous> (M:\learn\graduationProject\color_h\picture_share\node_modules\_smtp-connection@2.12.0@smtp-connection\lib\smtp-connection.js:319:22)
    at SMTPConnection._processResponse (M:\learn\graduationProject\color_h\picture_share\node_modules\_smtp-connection@2.12.0@smtp-connection\lib\smtp-connection.js:669:16)
    at SMTPConnection._onData (M:\learn\graduationProject\color_h\picture_share\node_modules\_smtp-connection@2.12.0@smtp-connection\lib\smtp-connection.js:493:10)
    at emitOne (events.js:115:13)
    at TLSSocket.emit (events.js:210:7)
    at addChunk (_stream_readable.js:252:12)
    at readableAddChunk (_stream_readable.js:239:11)
    at TLSSocket.Readable.push (_stream_readable.js:197:10)
    at TLSWrap.onread (net.js:589:20)
  code: 'EAUTH',
  response: '535 Error: ÇëÊ¹ÓÃÊÚÈ¨ÂëµÇÂ¼¡£ÏêÇéÇë¿´: http://service.mail.qq.com/cgi-bin/help?subtype=1&&id=28&&no=1001256',
  responseCode: 535,
  command: 'AUTH PLAIN' } { from: 'Colorful <club@qq.com>',
  to: '2397560398@qq.com',
  subject: 'Colorful社区帐号激活',
  html: '<p>您好：ddddd</p><p>我们收到您在Colorful社区的注册信息，请点击下面的链接来激活帐户：</p><a href  = "http://localhost/active_account?key=212eb64ef4adff9db847540e279d6b62&name=ddddd">激活链接</a><p>若您没有在Colorful社区填写过注册信息，说明有人滥用了您的电子邮箱，请删除此邮件，我们对给您造成的打扰感到抱歉。</p><p>Colorful社区 谨上。</p>' }
[2018-04-01T18:29:47.436] [ERROR] cheese - send mail error { Error: Invalid login: 535 Error: ÇëÊ¹ÓÃÊÚÈ¨ÂëµÇÂ¼¡£ÏêÇéÇë¿´: http://service.mail.qq.com/cgi-bin/help?subtype=1&&id=28&&no=1001256
    at SMTPConnection._formatError (M:\learn\graduationProject\color_h\picture_share\node_modules\_smtp-connection@2.12.0@smtp-connection\lib\smtp-connection.js:528:15)
    at SMTPConnection._actionAUTHComplete (M:\learn\graduationProject\color_h\picture_share\node_modules\_smtp-connection@2.12.0@smtp-connection\lib\smtp-connection.js:1231:30)
    at SMTPConnection.<anonymous> (M:\learn\graduationProject\color_h\picture_share\node_modules\_smtp-connection@2.12.0@smtp-connection\lib\smtp-connection.js:319:22)
    at SMTPConnection._processResponse (M:\learn\graduationProject\color_h\picture_share\node_modules\_smtp-connection@2.12.0@smtp-connection\lib\smtp-connection.js:669:16)
    at SMTPConnection._onData (M:\learn\graduationProject\color_h\picture_share\node_modules\_smtp-connection@2.12.0@smtp-connection\lib\smtp-connection.js:493:10)
    at emitOne (events.js:115:13)
    at TLSSocket.emit (events.js:210:7)
    at addChunk (_stream_readable.js:252:12)
    at readableAddChunk (_stream_readable.js:239:11)
    at TLSSocket.Readable.push (_stream_readable.js:197:10)
    at TLSWrap.onread (net.js:589:20)
  code: 'EAUTH',
  response: '535 Error: ÇëÊ¹ÓÃÊÚÈ¨ÂëµÇÂ¼¡£ÏêÇéÇë¿´: http://service.mail.qq.com/cgi-bin/help?subtype=1&&id=28&&no=1001256',
  responseCode: 535,
  command: 'AUTH PLAIN' } { from: 'Colorful <club@qq.com>',
  to: '2397560398@qq.com',
  subject: 'Colorful社区帐号激活',
  html: '<p>您好：ddddd</p><p>我们收到您在Colorful社区的注册信息，请点击下面的链接来激活帐户：</p><a href  = "http://localhost/active_account?key=212eb64ef4adff9db847540e279d6b62&name=ddddd">激活链接</a><p>若您没有在Colorful社区填写过注册信息，说明有人滥用了您的电子邮箱，请删除此邮件，我们对给您造成的打扰感到抱歉。</p><p>Colorful社区 谨上。</p>' }
[2018-04-01T18:29:47.758] [ERROR] cheese - send mail error { Error: Invalid login: 535 Error: ÇëÊ¹ÓÃÊÚÈ¨ÂëµÇÂ¼¡£ÏêÇéÇë¿´: http://service.mail.qq.com/cgi-bin/help?subtype=1&&id=28&&no=1001256
    at SMTPConnection._formatError (M:\learn\graduationProject\color_h\picture_share\node_modules\_smtp-connection@2.12.0@smtp-connection\lib\smtp-connection.js:528:15)
    at SMTPConnection._actionAUTHComplete (M:\learn\graduationProject\color_h\picture_share\node_modules\_smtp-connection@2.12.0@smtp-connection\lib\smtp-connection.js:1231:30)
    at SMTPConnection.<anonymous> (M:\learn\graduationProject\color_h\picture_share\node_modules\_smtp-connection@2.12.0@smtp-connection\lib\smtp-connection.js:319:22)
    at SMTPConnection._processResponse (M:\learn\graduationProject\color_h\picture_share\node_modules\_smtp-connection@2.12.0@smtp-connection\lib\smtp-connection.js:669:16)
    at SMTPConnection._onData (M:\learn\graduationProject\color_h\picture_share\node_modules\_smtp-connection@2.12.0@smtp-connection\lib\smtp-connection.js:493:10)
    at emitOne (events.js:115:13)
    at TLSSocket.emit (events.js:210:7)
    at addChunk (_stream_readable.js:252:12)
    at readableAddChunk (_stream_readable.js:239:11)
    at TLSSocket.Readable.push (_stream_readable.js:197:10)
    at TLSWrap.onread (net.js:589:20)
  code: 'EAUTH',
  response: '535 Error: ÇëÊ¹ÓÃÊÚÈ¨ÂëµÇÂ¼¡£ÏêÇéÇë¿´: http://service.mail.qq.com/cgi-bin/help?subtype=1&&id=28&&no=1001256',
  responseCode: 535,
  command: 'AUTH PLAIN' } { from: 'Colorful <club@qq.com>',
  to: '2397560398@qq.com',
  subject: 'Colorful社区帐号激活',
  html: '<p>您好：ddddd</p><p>我们收到您在Colorful社区的注册信息，请点击下面的链接来激活帐户：</p><a href  = "http://localhost/active_account?key=212eb64ef4adff9db847540e279d6b62&name=ddddd">激活链接</a><p>若您没有在Colorful社区填写过注册信息，说明有人滥用了您的电子邮箱，请删除此邮件，我们对给您造成的打扰感到抱歉。</p><p>Colorful社区 谨上。</p>' }
[2018-04-01T18:29:48.078] [ERROR] cheese - send mail error { Error: Invalid login: 535 Error: ÇëÊ¹ÓÃÊÚÈ¨ÂëµÇÂ¼¡£ÏêÇéÇë¿´: http://service.mail.qq.com/cgi-bin/help?subtype=1&&id=28&&no=1001256
    at SMTPConnection._formatError (M:\learn\graduationProject\color_h\picture_share\node_modules\_smtp-connection@2.12.0@smtp-connection\lib\smtp-connection.js:528:15)
    at SMTPConnection._actionAUTHComplete (M:\learn\graduationProject\color_h\picture_share\node_modules\_smtp-connection@2.12.0@smtp-connection\lib\smtp-connection.js:1231:30)
    at SMTPConnection.<anonymous> (M:\learn\graduationProject\color_h\picture_share\node_modules\_smtp-connection@2.12.0@smtp-connection\lib\smtp-connection.js:319:22)
    at SMTPConnection._processResponse (M:\learn\graduationProject\color_h\picture_share\node_modules\_smtp-connection@2.12.0@smtp-connection\lib\smtp-connection.js:669:16)
    at SMTPConnection._onData (M:\learn\graduationProject\color_h\picture_share\node_modules\_smtp-connection@2.12.0@smtp-connection\lib\smtp-connection.js:493:10)
    at emitOne (events.js:115:13)
    at TLSSocket.emit (events.js:210:7)
    at addChunk (_stream_readable.js:252:12)
    at readableAddChunk (_stream_readable.js:239:11)
    at TLSSocket.Readable.push (_stream_readable.js:197:10)
    at TLSWrap.onread (net.js:589:20)
  code: 'EAUTH',
  response: '535 Error: ÇëÊ¹ÓÃÊÚÈ¨ÂëµÇÂ¼¡£ÏêÇéÇë¿´: http://service.mail.qq.com/cgi-bin/help?subtype=1&&id=28&&no=1001256',
  responseCode: 535,
  command: 'AUTH PLAIN' } { from: 'Colorful <club@qq.com>',
  to: '2397560398@qq.com',
  subject: 'Colorful社区帐号激活',
  html: '<p>您好：ddddd</p><p>我们收到您在Colorful社区的注册信息，请点击下面的链接来激活帐户：</p><a href  = "http://localhost/active_account?key=212eb64ef4adff9db847540e279d6b62&name=ddddd">激活链接</a><p>若您没有在Colorful社区填写过注册信息，说明有人滥用了您的电子邮箱，请删除此邮件，我们对给您造成的打扰感到抱歉。</p><p>Colorful社区 谨上。</p>' }
[2018-04-01T18:29:48.079] [ERROR] cheese - send mail finally error { Error: Invalid login: 535 Error: ÇëÊ¹ÓÃÊÚÈ¨ÂëµÇÂ¼¡£ÏêÇéÇë¿´: http://service.mail.qq.com/cgi-bin/help?subtype=1&&id=28&&no=1001256
    at SMTPConnection._formatError (M:\learn\graduationProject\color_h\picture_share\node_modules\_smtp-connection@2.12.0@smtp-connection\lib\smtp-connection.js:528:15)
    at SMTPConnection._actionAUTHComplete (M:\learn\graduationProject\color_h\picture_share\node_modules\_smtp-connection@2.12.0@smtp-connection\lib\smtp-connection.js:1231:30)
    at SMTPConnection.<anonymous> (M:\learn\graduationProject\color_h\picture_share\node_modules\_smtp-connection@2.12.0@smtp-connection\lib\smtp-connection.js:319:22)
    at SMTPConnection._processResponse (M:\learn\graduationProject\color_h\picture_share\node_modules\_smtp-connection@2.12.0@smtp-connection\lib\smtp-connection.js:669:16)
    at SMTPConnection._onData (M:\learn\graduationProject\color_h\picture_share\node_modules\_smtp-connection@2.12.0@smtp-connection\lib\smtp-connection.js:493:10)
    at emitOne (events.js:115:13)
    at TLSSocket.emit (events.js:210:7)
    at addChunk (_stream_readable.js:252:12)
    at readableAddChunk (_stream_readable.js:239:11)
    at TLSSocket.Readable.push (_stream_readable.js:197:10)
    at TLSWrap.onread (net.js:589:20)
  code: 'EAUTH',
  response: '535 Error: ÇëÊ¹ÓÃÊÚÈ¨ÂëµÇÂ¼¡£ÏêÇéÇë¿´: http://service.mail.qq.com/cgi-bin/help?subtype=1&&id=28&&no=1001256',
  responseCode: 535,
  command: 'AUTH PLAIN' } { from: 'Colorful <club@qq.com>',
  to: '2397560398@qq.com',
  subject: 'Colorful社区帐号激活',
  html: '<p>您好：ddddd</p><p>我们收到您在Colorful社区的注册信息，请点击下面的链接来激活帐户：</p><a href  = "http://localhost/active_account?key=212eb64ef4adff9db847540e279d6b62&name=ddddd">激活链接</a><p>若您没有在Colorful社区填写过注册信息，说明有人滥用了您的电子邮箱，请删除此邮件，我们对给您造成的打扰感到抱歉。</p><p>Colorful社区 谨上。</p>' }
[2018-04-01T18:32:41.772] [ERROR] cheese - send mail error { Error: Invalid login: 535 Error: ÇëÊ¹ÓÃÊÚÈ¨ÂëµÇÂ¼¡£ÏêÇéÇë¿´: http://service.mail.qq.com/cgi-bin/help?subtype=1&&id=28&&no=1001256
    at SMTPConnection._formatError (M:\learn\graduationProject\color_h\picture_share\node_modules\_smtp-connection@2.12.0@smtp-connection\lib\smtp-connection.js:528:15)
    at SMTPConnection._actionAUTHComplete (M:\learn\graduationProject\color_h\picture_share\node_modules\_smtp-connection@2.12.0@smtp-connection\lib\smtp-connection.js:1231:30)
    at SMTPConnection.<anonymous> (M:\learn\graduationProject\color_h\picture_share\node_modules\_smtp-connection@2.12.0@smtp-connection\lib\smtp-connection.js:319:22)
    at SMTPConnection._processResponse (M:\learn\graduationProject\color_h\picture_share\node_modules\_smtp-connection@2.12.0@smtp-connection\lib\smtp-connection.js:669:16)
    at SMTPConnection._onData (M:\learn\graduationProject\color_h\picture_share\node_modules\_smtp-connection@2.12.0@smtp-connection\lib\smtp-connection.js:493:10)
    at emitOne (events.js:115:13)
    at TLSSocket.emit (events.js:210:7)
    at addChunk (_stream_readable.js:252:12)
    at readableAddChunk (_stream_readable.js:239:11)
    at TLSSocket.Readable.push (_stream_readable.js:197:10)
    at TLSWrap.onread (net.js:589:20)
  code: 'EAUTH',
  response: '535 Error: ÇëÊ¹ÓÃÊÚÈ¨ÂëµÇÂ¼¡£ÏêÇéÇë¿´: http://service.mail.qq.com/cgi-bin/help?subtype=1&&id=28&&no=1001256',
  responseCode: 535,
  command: 'AUTH PLAIN' } { from: 'Colorful <club@qq.com>',
  to: '2397560398@qq.com',
  subject: 'Colorful社区帐号激活',
  html: '<p>您好：ddddd</p><p>我们收到您在Colorful社区的注册信息，请点击下面的链接来激活帐户：</p><a href  = "http://localhost/active_account?key=212eb64ef4adff9db847540e279d6b62&name=ddddd">激活链接</a><p>若您没有在Colorful社区填写过注册信息，说明有人滥用了您的电子邮箱，请删除此邮件，我们对给您造成的打扰感到抱歉。</p><p>Colorful社区 谨上。</p>' }
[2018-04-01T18:32:42.094] [ERROR] cheese - send mail error { Error: Invalid login: 535 Error: ÇëÊ¹ÓÃÊÚÈ¨ÂëµÇÂ¼¡£ÏêÇéÇë¿´: http://service.mail.qq.com/cgi-bin/help?subtype=1&&id=28&&no=1001256
    at SMTPConnection._formatError (M:\learn\graduationProject\color_h\picture_share\node_modules\_smtp-connection@2.12.0@smtp-connection\lib\smtp-connection.js:528:15)
    at SMTPConnection._actionAUTHComplete (M:\learn\graduationProject\color_h\picture_share\node_modules\_smtp-connection@2.12.0@smtp-connection\lib\smtp-connection.js:1231:30)
    at SMTPConnection.<anonymous> (M:\learn\graduationProject\color_h\picture_share\node_modules\_smtp-connection@2.12.0@smtp-connection\lib\smtp-connection.js:319:22)
    at SMTPConnection._processResponse (M:\learn\graduationProject\color_h\picture_share\node_modules\_smtp-connection@2.12.0@smtp-connection\lib\smtp-connection.js:669:16)
    at SMTPConnection._onData (M:\learn\graduationProject\color_h\picture_share\node_modules\_smtp-connection@2.12.0@smtp-connection\lib\smtp-connection.js:493:10)
    at emitOne (events.js:115:13)
    at TLSSocket.emit (events.js:210:7)
    at addChunk (_stream_readable.js:252:12)
    at readableAddChunk (_stream_readable.js:239:11)
    at TLSSocket.Readable.push (_stream_readable.js:197:10)
    at TLSWrap.onread (net.js:589:20)
  code: 'EAUTH',
  response: '535 Error: ÇëÊ¹ÓÃÊÚÈ¨ÂëµÇÂ¼¡£ÏêÇéÇë¿´: http://service.mail.qq.com/cgi-bin/help?subtype=1&&id=28&&no=1001256',
  responseCode: 535,
  command: 'AUTH PLAIN' } { from: 'Colorful <club@qq.com>',
  to: '2397560398@qq.com',
  subject: 'Colorful社区帐号激活',
  html: '<p>您好：ddddd</p><p>我们收到您在Colorful社区的注册信息，请点击下面的链接来激活帐户：</p><a href  = "http://localhost/active_account?key=212eb64ef4adff9db847540e279d6b62&name=ddddd">激活链接</a><p>若您没有在Colorful社区填写过注册信息，说明有人滥用了您的电子邮箱，请删除此邮件，我们对给您造成的打扰感到抱歉。</p><p>Colorful社区 谨上。</p>' }
[2018-04-01T18:32:42.356] [ERROR] cheese - send mail error { Error: Invalid login: 535 Error: ÇëÊ¹ÓÃÊÚÈ¨ÂëµÇÂ¼¡£ÏêÇéÇë¿´: http://service.mail.qq.com/cgi-bin/help?subtype=1&&id=28&&no=1001256
    at SMTPConnection._formatError (M:\learn\graduationProject\color_h\picture_share\node_modules\_smtp-connection@2.12.0@smtp-connection\lib\smtp-connection.js:528:15)
    at SMTPConnection._actionAUTHComplete (M:\learn\graduationProject\color_h\picture_share\node_modules\_smtp-connection@2.12.0@smtp-connection\lib\smtp-connection.js:1231:30)
    at SMTPConnection.<anonymous> (M:\learn\graduationProject\color_h\picture_share\node_modules\_smtp-connection@2.12.0@smtp-connection\lib\smtp-connection.js:319:22)
    at SMTPConnection._processResponse (M:\learn\graduationProject\color_h\picture_share\node_modules\_smtp-connection@2.12.0@smtp-connection\lib\smtp-connection.js:669:16)
    at SMTPConnection._onData (M:\learn\graduationProject\color_h\picture_share\node_modules\_smtp-connection@2.12.0@smtp-connection\lib\smtp-connection.js:493:10)
    at emitOne (events.js:115:13)
    at TLSSocket.emit (events.js:210:7)
    at addChunk (_stream_readable.js:252:12)
    at readableAddChunk (_stream_readable.js:239:11)
    at TLSSocket.Readable.push (_stream_readable.js:197:10)
    at TLSWrap.onread (net.js:589:20)
  code: 'EAUTH',
  response: '535 Error: ÇëÊ¹ÓÃÊÚÈ¨ÂëµÇÂ¼¡£ÏêÇéÇë¿´: http://service.mail.qq.com/cgi-bin/help?subtype=1&&id=28&&no=1001256',
  responseCode: 535,
  command: 'AUTH PLAIN' } { from: 'Colorful <club@qq.com>',
  to: '2397560398@qq.com',
  subject: 'Colorful社区帐号激活',
  html: '<p>您好：ddddd</p><p>我们收到您在Colorful社区的注册信息，请点击下面的链接来激活帐户：</p><a href  = "http://localhost/active_account?key=212eb64ef4adff9db847540e279d6b62&name=ddddd">激活链接</a><p>若您没有在Colorful社区填写过注册信息，说明有人滥用了您的电子邮箱，请删除此邮件，我们对给您造成的打扰感到抱歉。</p><p>Colorful社区 谨上。</p>' }
[2018-04-01T18:32:42.649] [ERROR] cheese - send mail error { Error: Invalid login: 535 Error: ÇëÊ¹ÓÃÊÚÈ¨ÂëµÇÂ¼¡£ÏêÇéÇë¿´: http://service.mail.qq.com/cgi-bin/help?subtype=1&&id=28&&no=1001256
    at SMTPConnection._formatError (M:\learn\graduationProject\color_h\picture_share\node_modules\_smtp-connection@2.12.0@smtp-connection\lib\smtp-connection.js:528:15)
    at SMTPConnection._actionAUTHComplete (M:\learn\graduationProject\color_h\picture_share\node_modules\_smtp-connection@2.12.0@smtp-connection\lib\smtp-connection.js:1231:30)
    at SMTPConnection.<anonymous> (M:\learn\graduationProject\color_h\picture_share\node_modules\_smtp-connection@2.12.0@smtp-connection\lib\smtp-connection.js:319:22)
    at SMTPConnection._processResponse (M:\learn\graduationProject\color_h\picture_share\node_modules\_smtp-connection@2.12.0@smtp-connection\lib\smtp-connection.js:669:16)
    at SMTPConnection._onData (M:\learn\graduationProject\color_h\picture_share\node_modules\_smtp-connection@2.12.0@smtp-connection\lib\smtp-connection.js:493:10)
    at emitOne (events.js:115:13)
    at TLSSocket.emit (events.js:210:7)
    at addChunk (_stream_readable.js:252:12)
    at readableAddChunk (_stream_readable.js:239:11)
    at TLSSocket.Readable.push (_stream_readable.js:197:10)
    at TLSWrap.onread (net.js:589:20)
  code: 'EAUTH',
  response: '535 Error: ÇëÊ¹ÓÃÊÚÈ¨ÂëµÇÂ¼¡£ÏêÇéÇë¿´: http://service.mail.qq.com/cgi-bin/help?subtype=1&&id=28&&no=1001256',
  responseCode: 535,
  command: 'AUTH PLAIN' } { from: 'Colorful <club@qq.com>',
  to: '2397560398@qq.com',
  subject: 'Colorful社区帐号激活',
  html: '<p>您好：ddddd</p><p>我们收到您在Colorful社区的注册信息，请点击下面的链接来激活帐户：</p><a href  = "http://localhost/active_account?key=212eb64ef4adff9db847540e279d6b62&name=ddddd">激活链接</a><p>若您没有在Colorful社区填写过注册信息，说明有人滥用了您的电子邮箱，请删除此邮件，我们对给您造成的打扰感到抱歉。</p><p>Colorful社区 谨上。</p>' }
[2018-04-01T18:32:42.930] [ERROR] cheese - send mail error { Error: Invalid login: 535 Error: ÇëÊ¹ÓÃÊÚÈ¨ÂëµÇÂ¼¡£ÏêÇéÇë¿´: http://service.mail.qq.com/cgi-bin/help?subtype=1&&id=28&&no=1001256
    at SMTPConnection._formatError (M:\learn\graduationProject\color_h\picture_share\node_modules\_smtp-connection@2.12.0@smtp-connection\lib\smtp-connection.js:528:15)
    at SMTPConnection._actionAUTHComplete (M:\learn\graduationProject\color_h\picture_share\node_modules\_smtp-connection@2.12.0@smtp-connection\lib\smtp-connection.js:1231:30)
    at SMTPConnection.<anonymous> (M:\learn\graduationProject\color_h\picture_share\node_modules\_smtp-connection@2.12.0@smtp-connection\lib\smtp-connection.js:319:22)
    at SMTPConnection._processResponse (M:\learn\graduationProject\color_h\picture_share\node_modules\_smtp-connection@2.12.0@smtp-connection\lib\smtp-connection.js:669:16)
    at SMTPConnection._onData (M:\learn\graduationProject\color_h\picture_share\node_modules\_smtp-connection@2.12.0@smtp-connection\lib\smtp-connection.js:493:10)
    at emitOne (events.js:115:13)
    at TLSSocket.emit (events.js:210:7)
    at addChunk (_stream_readable.js:252:12)
    at readableAddChunk (_stream_readable.js:239:11)
    at TLSSocket.Readable.push (_stream_readable.js:197:10)
    at TLSWrap.onread (net.js:589:20)
  code: 'EAUTH',
  response: '535 Error: ÇëÊ¹ÓÃÊÚÈ¨ÂëµÇÂ¼¡£ÏêÇéÇë¿´: http://service.mail.qq.com/cgi-bin/help?subtype=1&&id=28&&no=1001256',
  responseCode: 535,
  command: 'AUTH PLAIN' } { from: 'Colorful <club@qq.com>',
  to: '2397560398@qq.com',
  subject: 'Colorful社区帐号激活',
  html: '<p>您好：ddddd</p><p>我们收到您在Colorful社区的注册信息，请点击下面的链接来激活帐户：</p><a href  = "http://localhost/active_account?key=212eb64ef4adff9db847540e279d6b62&name=ddddd">激活链接</a><p>若您没有在Colorful社区填写过注册信息，说明有人滥用了您的电子邮箱，请删除此邮件，我们对给您造成的打扰感到抱歉。</p><p>Colorful社区 谨上。</p>' }
[2018-04-01T18:32:42.931] [ERROR] cheese - send mail finally error { Error: Invalid login: 535 Error: ÇëÊ¹ÓÃÊÚÈ¨ÂëµÇÂ¼¡£ÏêÇéÇë¿´: http://service.mail.qq.com/cgi-bin/help?subtype=1&&id=28&&no=1001256
    at SMTPConnection._formatError (M:\learn\graduationProject\color_h\picture_share\node_modules\_smtp-connection@2.12.0@smtp-connection\lib\smtp-connection.js:528:15)
    at SMTPConnection._actionAUTHComplete (M:\learn\graduationProject\color_h\picture_share\node_modules\_smtp-connection@2.12.0@smtp-connection\lib\smtp-connection.js:1231:30)
    at SMTPConnection.<anonymous> (M:\learn\graduationProject\color_h\picture_share\node_modules\_smtp-connection@2.12.0@smtp-connection\lib\smtp-connection.js:319:22)
    at SMTPConnection._processResponse (M:\learn\graduationProject\color_h\picture_share\node_modules\_smtp-connection@2.12.0@smtp-connection\lib\smtp-connection.js:669:16)
    at SMTPConnection._onData (M:\learn\graduationProject\color_h\picture_share\node_modules\_smtp-connection@2.12.0@smtp-connection\lib\smtp-connection.js:493:10)
    at emitOne (events.js:115:13)
    at TLSSocket.emit (events.js:210:7)
    at addChunk (_stream_readable.js:252:12)
    at readableAddChunk (_stream_readable.js:239:11)
    at TLSSocket.Readable.push (_stream_readable.js:197:10)
    at TLSWrap.onread (net.js:589:20)
  code: 'EAUTH',
  response: '535 Error: ÇëÊ¹ÓÃÊÚÈ¨ÂëµÇÂ¼¡£ÏêÇéÇë¿´: http://service.mail.qq.com/cgi-bin/help?subtype=1&&id=28&&no=1001256',
  responseCode: 535,
  command: 'AUTH PLAIN' } { from: 'Colorful <club@qq.com>',
  to: '2397560398@qq.com',
  subject: 'Colorful社区帐号激活',
  html: '<p>您好：ddddd</p><p>我们收到您在Colorful社区的注册信息，请点击下面的链接来激活帐户：</p><a href  = "http://localhost/active_account?key=212eb64ef4adff9db847540e279d6b62&name=ddddd">激活链接</a><p>若您没有在Colorful社区填写过注册信息，说明有人滥用了您的电子邮箱，请删除此邮件，我们对给您造成的打扰感到抱歉。</p><p>Colorful社区 谨上。</p>' }
